2022/09/05 15:20:34 i am groot (version 1.1.2)
2022/09/05 15:20:34 starting the sketch subcommand
2022/09/05 15:20:34 checking parameters...
2022/09/05 15:20:34 	minimum k-mer coverage: 1
2022/09/05 15:20:34 	processors: 16
2022/09/05 15:20:34 	input file: /biorg/data/GulfWar/GWP_4P_S129_L007_R1_001.fastq
2022/09/05 15:20:34 	input file: /biorg/data/GulfWar/GWP_4P_S129_L007_R2_001.fastq
2022/09/05 15:20:34 loading the index information...
2022/09/05 15:20:34 i am groot (version 1.1.2)
2022/09/05 15:20:34 starting the report subcommand
2022/09/05 15:20:34 checking parameters...
2022/09/05 15:20:34 	BAM file: using STDIN
2022/09/05 15:20:34 	coverage cutoff: 0.80
2022/09/05 15:20:34 	processors: 1
2022/09/05 15:20:34 	k-mer size: 31
2022/09/05 15:20:34 	sketch size: 21
2022/09/05 15:20:34 	window size used in indexing: 150
2022/09/05 15:20:34 loading the graphs...
2022/09/05 15:20:34 	number of variation graphs: 1197
2022/09/05 15:20:34 rebuilding the LSH Ensemble...
2022/09/05 15:20:38 	containment threshold: 0.99
2022/09/05 15:20:38 initialising alignment pipeline...
2022/09/05 15:20:38 	initialising the processes
2022/09/05 15:20:38 	connecting data streams
2022/09/05 15:20:38 	number of processes added to the alignment pipeline: 5
2022/09/05 15:20:38 now streaming reads...
2022/09/05 15:20:42 error reading bam: bam: reference id out of range
2023/06/25 19:46:59 i am groot (version 1.1.2)
2023/06/25 19:46:59 starting the sketch subcommand
2023/06/25 19:46:59 checking parameters...
2023/06/25 19:46:59 terminated

ERROR --> file does not exist: /biorg/data/GulfWar/GWP_4P_S129_L007_R1_001.fastq

2023/06/25 19:47:36 i am groot (version 1.1.2)
2023/06/25 19:47:36 starting the sketch subcommand
2023/06/25 19:47:36 checking parameters...
2023/06/25 19:47:36 terminated

ERROR --> file does not exist: /biorg/data/GulfWar/GWP_4P_S129_L007_R1_001.fastq

2023/06/25 19:48:12 i am groot (version 1.1.2)
2023/06/25 19:48:12 starting the report subcommand
2023/06/25 19:48:12 checking parameters...
2023/06/25 19:48:12 	BAM file: using STDIN
2023/06/25 19:48:12 	coverage cutoff: 0.80
2023/06/25 19:48:12 	processors: 1
2023/06/25 19:48:12 i am groot (version 1.1.2)
2023/06/25 19:48:12 starting the sketch subcommand
2023/06/25 19:48:12 checking parameters...
2023/06/25 19:48:12 terminated

ERROR --> file does not exist: /biorg/data/GulfWar/GWP_4P_S129_L007_R1_001.fastq

2023/06/25 19:48:12 could not read BAM file: "EOF"
2023/07/10 08:44:31 i am groot (version 1.1.2)
2023/07/10 08:44:31 starting the report subcommand
2023/07/10 08:44:31 checking parameters...
2023/07/10 08:44:31 i am groot (version 1.1.2)
2023/07/10 08:44:31 	BAM file: using STDIN
2023/07/10 08:44:31 starting the sketch subcommand
2023/07/10 08:44:31 	coverage cutoff: 0.80
2023/07/10 08:44:31 checking parameters...
2023/07/10 08:44:31 	processors: 1
2023/07/10 08:44:31 	minimum k-mer coverage: 1
2023/07/10 08:44:31 	processors: 16
2023/07/10 08:44:31 	input file: /biorg/data/GulfWar/GWP_4P_S129_L007_R1_001.fastq
2023/07/10 08:44:31 	input file: /biorg/data/GulfWar/GWP_4P_S129_L007_R2_001.fastq
2023/07/10 08:44:31 loading the index information...
2023/07/10 08:44:32 	k-mer size: 31
2023/07/10 08:44:32 	sketch size: 21
2023/07/10 08:44:32 	window size used in indexing: 150
2023/07/10 08:44:32 loading the graphs...
2023/07/10 08:44:32 	number of variation graphs: 1197
2023/07/10 08:44:32 rebuilding the LSH Ensemble...
2023/07/10 08:44:37 	containment threshold: 0.99
2023/07/10 08:44:37 initialising alignment pipeline...
2023/07/10 08:44:37 	initialising the processes
2023/07/10 08:44:37 	connecting data streams
2023/07/10 08:44:37 	number of processes added to the alignment pipeline: 5
2023/07/10 08:44:37 now streaming reads...
2023/07/10 08:44:39 error reading bam: bam: reference id out of range
2023/07/10 17:09:44 i am groot (version 1.1.2)
2023/07/10 17:09:44 i am groot (version 1.1.2)
2023/07/10 17:09:44 starting the report subcommand
2023/07/10 17:09:44 starting the sketch subcommand
2023/07/10 17:09:44 checking parameters...
2023/07/10 17:09:44 checking parameters...
2023/07/10 17:09:44 	BAM file: using STDIN
2023/07/10 17:09:44 	coverage cutoff: 0.80
2023/07/10 17:09:44 	processors: 1
2023/07/10 17:09:44 	minimum k-mer coverage: 1
2023/07/10 17:09:44 	processors: 16
2023/07/10 17:09:44 	input file: /biorg/data/GulfWar/GWP_4P_S129_L007_R1_001.fastq
2023/07/10 17:09:44 	input file: /biorg/data/GulfWar/GWP_4P_S129_L007_R2_001.fastq
2023/07/10 17:09:44 loading the index information...
2023/07/10 17:09:45 	k-mer size: 31
2023/07/10 17:09:45 	sketch size: 21
2023/07/10 17:09:45 	window size used in indexing: 150
2023/07/10 17:09:45 loading the graphs...
2023/07/10 17:09:45 	number of variation graphs: 1197
2023/07/10 17:09:45 rebuilding the LSH Ensemble...
2023/07/10 17:09:49 	containment threshold: 0.99
2023/07/10 17:09:49 initialising alignment pipeline...
2023/07/10 17:09:49 	initialising the processes
2023/07/10 17:09:49 	connecting data streams
2023/07/10 17:09:49 	number of processes added to the alignment pipeline: 5
2023/07/10 17:09:49 now streaming reads...
2023/07/10 17:09:51 error reading bam: bam: reference id out of range
2023/07/10 17:16:58 i am groot (version 1.1.2)
2023/07/10 17:16:58 starting the sketch subcommand
2023/07/10 17:16:58 i am groot (version 1.1.2)
2023/07/10 17:16:58 checking parameters...
2023/07/10 17:16:58 starting the report subcommand
2023/07/10 17:16:58 checking parameters...
2023/07/10 17:16:58 	BAM file: using STDIN
2023/07/10 17:16:58 	coverage cutoff: 0.10
2023/07/10 17:16:58 	processors: 1
2023/07/10 17:16:58 	minimum k-mer coverage: 1
2023/07/10 17:16:58 	processors: 16
2023/07/10 17:16:58 	input file: /biorg/data/GulfWar/GWP_4P_S129_L007_R1_001.fastq
2023/07/10 17:16:58 	input file: /biorg/data/GulfWar/GWP_4P_S129_L007_R2_001.fastq
2023/07/10 17:16:58 loading the index information...
2023/07/10 17:16:59 	k-mer size: 31
2023/07/10 17:16:59 	sketch size: 21
2023/07/10 17:16:59 	window size used in indexing: 150
2023/07/10 17:16:59 loading the graphs...
2023/07/10 17:16:59 	number of variation graphs: 1197
2023/07/10 17:16:59 rebuilding the LSH Ensemble...
2023/07/10 17:17:04 	containment threshold: 0.99
2023/07/10 17:17:04 initialising alignment pipeline...
2023/07/10 17:17:04 	initialising the processes
2023/07/10 17:17:04 	connecting data streams
2023/07/10 17:17:04 	number of processes added to the alignment pipeline: 5
2023/07/10 17:17:04 now streaming reads...
2023/07/10 17:17:05 error reading bam: bam: reference id out of range
2023/08/10 16:20:02 i am groot (version 1.1.2)
2023/08/10 16:20:02 starting the sketch subcommand
2023/08/10 16:20:02 checking parameters...
2023/08/10 16:20:02 i am groot (version 1.1.2)
2023/08/10 16:20:02 starting the report subcommand
2023/08/10 16:20:02 checking parameters...
2023/08/10 16:20:02 	BAM file: using STDIN
2023/08/10 16:20:02 	coverage cutoff: 0.10
2023/08/10 16:20:02 	processors: 1
2023/08/10 16:20:02 	minimum k-mer coverage: 1
2023/08/10 16:20:02 	processors: 16
2023/08/10 16:20:02 	input file: /biorg/data/GulfWar/GWP_4P_S129_L007_R1_001.fastq
2023/08/10 16:20:02 	input file: /biorg/data/GulfWar/GWP_4P_S129_L007_R2_001.fastq
2023/08/10 16:20:02 loading the index information...
2023/08/10 16:20:02 	k-mer size: 31
2023/08/10 16:20:02 	sketch size: 21
2023/08/10 16:20:02 	window size used in indexing: 150
2023/08/10 16:20:02 loading the graphs...
2023/08/10 16:20:02 	number of variation graphs: 2301
2023/08/10 16:20:02 rebuilding the LSH Ensemble...
2023/08/10 16:20:10 	containment threshold: 0.99
2023/08/10 16:20:10 initialising alignment pipeline...
2023/08/10 16:20:10 	initialising the processes
2023/08/10 16:20:10 	connecting data streams
2023/08/10 16:20:10 	number of processes added to the alignment pipeline: 5
2023/08/10 16:20:10 now streaming reads...
2023/08/10 16:22:10 	number of reads received from input: 16066554
2023/08/10 16:22:10 	mean read length: 151
2023/08/10 16:22:10 	number of reads sketched: 16066554
2023/08/10 16:22:10 	total number of unmapped reads: 16066059
2023/08/10 16:22:10 	total number of mapped reads: 495
2023/08/10 16:22:10 		mapped to one graph: 403
2023/08/10 16:22:10 		mapped to multiple graphs: 92
2023/08/10 16:22:10 	total number of exact alignments: 3522
2023/08/10 16:22:11 processing graphs...
2023/08/10 16:22:11 	total number of k-mers projected onto graphs: 63767
2023/08/10 16:22:11 	graph 1439 has 1 remaining paths after weighting and pruning
2023/08/10 16:22:11 	- [*MEG_988|Drugs|Aminoglycosides|Aminoglycoside_O-nucleotidyltransferases|ANT6]
2023/08/10 16:22:11 	graph 1038 has 17 remaining paths after weighting and pruning
2023/08/10 16:22:11 	- [MEG_7154|Drugs|Tetracyclines|Tetracycline_resistance_ribosomal_protection_proteins|TETO]
2023/08/10 16:22:11 	- [MEG_7151|Drugs|Tetracyclines|Tetracycline_resistance_ribosomal_protection_proteins|TETO]
2023/08/10 16:22:11 	- [*MEG_7149|Drugs|Tetracyclines|Tetracycline_resistance_ribosomal_protection_proteins|TETO]
2023/08/10 16:22:11 	- [MEG_7157|Drugs|Tetracyclines|Tetracycline_resistance_ribosomal_protection_proteins|TETO]
2023/08/10 16:22:11 	- [MEG_7155|Drugs|Tetracyclines|Tetracycline_resistance_ribosomal_protection_proteins|TETO]
2023/08/10 16:22:11 	- [MEG_7166|Drugs|Tetracyclines|Tetracycline_resistance_ribosomal_protection_proteins|TETO]
2023/08/10 16:22:11 	- [MEG_7159|Drugs|Tetracyclines|Tetracycline_resistance_ribosomal_protection_proteins|TETO]
2023/08/10 16:22:11 	- [MEG_7150|Drugs|Tetracyclines|Tetracycline_resistance_ribosomal_protection_proteins|TETO]
2023/08/10 16:22:11 	- [MEG_7153|Drugs|Tetracyclines|Tetracycline_resistance_ribosomal_protection_proteins|TETO]
2023/08/10 16:22:11 	- [MEG_7158|Drugs|Tetracyclines|Tetracycline_resistance_ribosomal_protection_proteins|TETO]
2023/08/10 16:22:11 	- [MEG_7156|Drugs|Tetracyclines|Tetracycline_resistance_ribosomal_protection_proteins|TETO]
2023/08/10 16:22:11 	- [MEG_7160|Drugs|Tetracyclines|Tetracycline_resistance_ribosomal_protection_proteins|TETO]
2023/08/10 16:22:11 	- [MEG_7165|Drugs|Tetracyclines|Tetracycline_resistance_ribosomal_protection_proteins|TETO]
2023/08/10 16:22:11 	- [MEG_7162|Drugs|Tetracyclines|Tetracycline_resistance_ribosomal_protection_proteins|TETO]
2023/08/10 16:22:11 	- [MEG_7164|Drugs|Tetracyclines|Tetracycline_resistance_ribosomal_protection_proteins|TETO]
2023/08/10 16:22:11 	- [MEG_7152|Drugs|Tetracyclines|Tetracycline_resistance_ribosomal_protection_proteins|TETO]
2023/08/10 16:22:11 	- [MEG_7161|Drugs|Tetracyclines|Tetracycline_resistance_ribosomal_protection_proteins|TETO]
2023/08/10 16:22:11 	graph 972 has 4 remaining paths after weighting and pruning
2023/08/10 16:22:11 	- [MEG_6994|Drugs|Tetracyclines|Tetracycline_resistance_ribosomal_protection_proteins|TET40]
2023/08/10 16:22:11 	- [*MEG_6991|Drugs|Tetracyclines|Tetracycline_resistance_ribosomal_protection_proteins|TET40]
2023/08/10 16:22:11 	- [MEG_6992|Drugs|Tetracyclines|Tetracycline_resistance_ribosomal_protection_proteins|TET40]
2023/08/10 16:22:11 	- [MEG_6993|Drugs|Tetracyclines|Tetracycline_resistance_ribosomal_protection_proteins|TET40]
2023/08/10 16:22:11 	total number of graphs pruned: 2301
2023/08/10 16:22:11 	total number of graphs remaining: 3
2023/08/10 16:22:11 	total number of possible haplotypes found: 22
2023/08/10 16:22:11 saving graphs...
2023/08/10 16:22:11 finished in 2m8.839048764s
2023/08/10 16:22:11 finished
2023/08/10 21:30:44 i am groot (version 1.1.2)
2023/08/10 21:30:44 starting the sketch subcommand
2023/08/10 21:30:44 checking parameters...
2023/08/10 21:30:44 	minimum k-mer coverage: 1
2023/08/10 21:30:44 	processors: 16
2023/08/10 21:30:44 	input file: /biorg/data/GulfWar/GWP_4P_S129_L007_R1_001.fastq
2023/08/10 21:30:44 	input file: /biorg/data/GulfWar/GWP_4P_S129_L007_R2_001.fastq
2023/08/10 21:30:44 loading the index information...
2023/08/10 21:30:44 i am groot (version 1.1.2)
2023/08/10 21:30:44 starting the report subcommand
2023/08/10 21:30:44 checking parameters...
2023/08/10 21:30:44 	BAM file: using STDIN
2023/08/10 21:30:44 	coverage cutoff: 0.10
2023/08/10 21:30:44 	processors: 1
2023/08/10 21:30:44 	k-mer size: 31
2023/08/10 21:30:44 	sketch size: 21
2023/08/10 21:30:44 	window size used in indexing: 150
2023/08/10 21:30:44 loading the graphs...
2023/08/10 21:30:44 	number of variation graphs: 2301
2023/08/10 21:30:44 rebuilding the LSH Ensemble...
2023/08/10 21:30:53 	containment threshold: 0.99
2023/08/10 21:30:53 initialising alignment pipeline...
2023/08/10 21:30:53 	initialising the processes
2023/08/10 21:30:53 	connecting data streams
2023/08/10 21:30:53 	number of processes added to the alignment pipeline: 5
2023/08/10 21:30:53 now streaming reads...
2023/08/10 21:30:55 error reading bam: bam: reference id out of range
2023/08/10 22:33:59 i am groot (version 1.1.2)
2023/08/10 22:33:59 starting the report subcommand
2023/08/10 22:33:59 checking parameters...
2023/08/10 22:33:59 i am groot (version 1.1.2)
2023/08/10 22:33:59 	BAM file: using STDIN
2023/08/10 22:33:59 starting the sketch subcommand
2023/08/10 22:33:59 	coverage cutoff: 0.10
2023/08/10 22:33:59 checking parameters...
2023/08/10 22:33:59 	processors: 1
2023/08/10 22:33:59 	minimum k-mer coverage: 1
2023/08/10 22:33:59 	processors: 16
2023/08/10 22:33:59 	input file: /biorg/data/GulfWar/GWP_4P_S129_L007_R1_001.fastq
2023/08/10 22:33:59 	input file: /biorg/data/GulfWar/GWP_4P_S129_L007_R2_001.fastq
2023/08/10 22:33:59 loading the index information...
2023/08/10 22:34:00 	k-mer size: 31
2023/08/10 22:34:00 	sketch size: 21
2023/08/10 22:34:00 	window size used in indexing: 150
2023/08/10 22:34:00 loading the graphs...
2023/08/10 22:34:00 	number of variation graphs: 2301
2023/08/10 22:34:00 rebuilding the LSH Ensemble...
2023/08/10 22:34:09 	containment threshold: 0.99
2023/08/10 22:34:09 initialising alignment pipeline...
2023/08/10 22:34:09 	initialising the processes
2023/08/10 22:34:09 	connecting data streams
2023/08/10 22:34:09 	number of processes added to the alignment pipeline: 5
2023/08/10 22:34:09 now streaming reads...
2023/08/10 22:34:10 error reading bam: bam: reference id out of range
